TN:
SF:assets/chicken-left.png
FNF:0
FNH:0
DA:1,1
LF:1
LH:1
BRF:0
BRH:0
end_of_record
TN:
SF:assets/chicken-right.png
FNF:0
FNH:0
DA:1,1
LF:1
LH:1
BRF:0
BRH:0
end_of_record
TN:
SF:assets/chicken-run-back.gif
FNF:0
FNH:0
DA:1,1
LF:1
LH:1
BRF:0
BRH:0
end_of_record
TN:
SF:assets/chicken-stand-back.png
FNF:0
FNH:0
DA:1,1
LF:1
LH:1
BRF:0
BRH:0
end_of_record
TN:
SF:src/Chicken.js
FN:7,(anonymous_0)
FN:12,(anonymous_1)
FN:22,(anonymous_2)
FN:26,(anonymous_3)
FN:31,(anonymous_4)
FN:33,(anonymous_5)
FN:42,(anonymous_6)
FNF:7
FNH:7
FNDA:2,(anonymous_0)
FNDA:2,(anonymous_1)
FNDA:90,(anonymous_2)
FNDA:1,(anonymous_3)
FNDA:1,(anonymous_4)
FNDA:90,(anonymous_5)
FNDA:2,(anonymous_6)
DA:7,1
DA:8,2
DA:9,2
DA:10,2
DA:12,2
DA:13,2
DA:14,1
DA:15,1
DA:16,1
DA:17,1
DA:18,1
DA:22,2
DA:23,90
DA:26,2
DA:27,1
DA:28,1
DA:31,2
DA:32,1
DA:33,1
DA:34,90
DA:35,90
DA:36,1
DA:38,90
DA:42,2
DA:43,2
DA:44,1
DA:45,1
DA:47,2
DA:48,0
DA:50,2
DA:51,0
DA:56,2
DA:64,2
LF:33
LH:31
BRDA:13,0,0,1
BRDA:13,0,1,1
BRDA:13,1,0,2
BRDA:13,1,1,2
BRDA:16,2,0,1
BRDA:16,2,1,0
BRDA:16,3,0,1
BRDA:16,3,1,1
BRDA:35,4,0,1
BRDA:35,4,1,89
BRDA:43,5,0,1
BRDA:43,5,1,1
BRDA:47,6,0,0
BRDA:47,6,1,2
BRDA:50,7,0,0
BRDA:50,7,1,2
BRDA:50,8,0,2
BRDA:50,8,1,0
BRF:18
BRH:14
end_of_record
TN:
SF:src/Hint.js
FN:7,(anonymous_0)
FN:15,(anonymous_1)
FNF:2
FNH:2
FNDA:4,(anonymous_0)
FNDA:3,(anonymous_1)
DA:7,1
DA:8,4
DA:9,4
DA:10,4
DA:15,4
DA:16,3
DA:17,2
DA:21,4
DA:28,1
LF:9
LH:9
BRDA:16,0,0,2
BRDA:16,0,1,1
BRF:2
BRH:2
end_of_record
TN:
SF:src/UserTextInput.js
FN:7,(anonymous_0)
FN:10,(anonymous_1)
FNF:2
FNH:2
FNDA:4,(anonymous_0)
FNDA:4,(anonymous_1)
DA:7,1
DA:8,4
DA:10,4
DA:11,4
DA:12,4
DA:13,1
DA:14,1
DA:15,1
DA:18,4
DA:19,1
DA:20,1
DA:21,1
DA:24,4
DA:25,1
DA:26,1
DA:27,1
DA:28,1
DA:32,4
DA:44,1
LF:19
LH:19
BRDA:12,0,0,1
BRDA:12,0,1,3
BRDA:12,1,0,4
BRDA:12,1,1,2
BRDA:18,2,0,1
BRDA:18,2,1,3
BRDA:18,3,0,4
BRDA:18,3,1,1
BRDA:24,4,0,1
BRDA:24,4,1,3
BRDA:24,5,0,4
BRDA:24,5,1,1
BRF:12
BRH:12
end_of_record
TN:
SF:src/contexts/GameContext.js
FN:18,(anonymous_0)
FN:21,(anonymous_1)
FN:24,(anonymous_2)
FN:27,(anonymous_3)
FN:30,(anonymous_4)
FN:33,(anonymous_5)
FN:36,(anonymous_6)
FN:39,(anonymous_7)
FN:44,(anonymous_8)
FN:48,(anonymous_9)
FN:52,(anonymous_10)
FNF:11
FNH:0
FNDA:0,(anonymous_0)
FNDA:0,(anonymous_1)
FNDA:0,(anonymous_2)
FNDA:0,(anonymous_3)
FNDA:0,(anonymous_4)
FNDA:0,(anonymous_5)
FNDA:0,(anonymous_6)
FNDA:0,(anonymous_7)
FNDA:0,(anonymous_8)
FNDA:0,(anonymous_9)
FNDA:0,(anonymous_10)
DA:4,3
DA:7,0
DA:18,0
DA:19,0
DA:21,0
DA:22,0
DA:24,0
DA:25,0
DA:27,0
DA:28,0
DA:30,0
DA:31,0
DA:33,0
DA:34,0
DA:36,0
DA:37,0
DA:39,0
DA:40,0
DA:41,0
DA:44,0
DA:45,0
DA:48,0
DA:49,0
DA:53,0
LF:24
LH:1
BRF:0
BRH:0
end_of_record
